<?xml version="1.0" encoding="UTF-8"?>
<!-- Generated by org.testng.reporters.JUnitXMLReporter -->
<testsuite hostname="DESKTOP-NH6LQ40" ignored="0" name="Surefire test" tests="6" failures="0" timestamp="02 Jan 2020 05:38:34 GMT" time="0.092" errors="0">
  <testcase name="IOSApp" time="0.011" classname="QAClickAcademy.AppiumTest"/>
  <testcase name="NativeApp" time="0.001" classname="QAClickAcademy.AppiumTest"/>
  <testcase name="deleteTwitter" time="0.001" classname="QAClickAcademy.RestApiTest"/>
  <testcase name="postJira" time="0.0" classname="QAClickAcademy.RestApiTest"/>
  <testcase name="browserAutomation" time="0.001" classname="QAClickAcademy.SeleniumTest"/>
  <testcase name="elementsUi" time="0.007" classname="QAClickAcademy.SeleniumTest"/>
</testsuite> <!-- Surefire test -->
