<?xml version="1.0" encoding="UTF-8"?>
<testng-results skipped="0" failed="0" ignored="0" total="6" passed="6">
  <reporter-output>
  </reporter-output>
  <suite name="Surefire suite" duration-ms="92" started-at="2020-01-02T05:38:33Z" finished-at="2020-01-02T05:38:33Z">
    <groups>
    </groups>
    <test name="Surefire test" duration-ms="92" started-at="2020-01-02T05:38:33Z" finished-at="2020-01-02T05:38:33Z">
      <class name="QAClickAcademy.SeleniumTest">
        <test-method status="PASS" signature="browserAutomation()[pri:0, instance:QAClickAcademy.SeleniumTest@34b7bfc0]" name="browserAutomation" duration-ms="1" started-at="2020-01-02T05:38:33Z" finished-at="2020-01-02T05:38:33Z">
          <reporter-output>
          </reporter-output>
        </test-method> <!-- browserAutomation -->
        <test-method status="PASS" signature="elementsUi()[pri:0, instance:QAClickAcademy.SeleniumTest@34b7bfc0]" name="elementsUi" duration-ms="7" started-at="2020-01-02T05:38:33Z" finished-at="2020-01-02T05:38:33Z">
          <reporter-output>
          </reporter-output>
        </test-method> <!-- elementsUi -->
      </class> <!-- QAClickAcademy.SeleniumTest -->
      <class name="QAClickAcademy.RestApiTest">
        <test-method status="PASS" signature="deleteTwitter()[pri:0, instance:QAClickAcademy.RestApiTest@67b6d4ae]" name="deleteTwitter" duration-ms="1" started-at="2020-01-02T05:38:33Z" finished-at="2020-01-02T05:38:33Z">
          <reporter-output>
          </reporter-output>
        </test-method> <!-- deleteTwitter -->
        <test-method status="PASS" signature="postJira()[pri:0, instance:QAClickAcademy.RestApiTest@67b6d4ae]" name="postJira" duration-ms="0" started-at="2020-01-02T05:38:33Z" finished-at="2020-01-02T05:38:33Z">
          <reporter-output>
          </reporter-output>
        </test-method> <!-- postJira -->
      </class> <!-- QAClickAcademy.RestApiTest -->
      <class name="QAClickAcademy.AppiumTest">
        <test-method status="PASS" signature="IOSApp()[pri:0, instance:QAClickAcademy.AppiumTest@6537cf78]" name="IOSApp" duration-ms="11" started-at="2020-01-02T05:38:33Z" finished-at="2020-01-02T05:38:33Z">
          <reporter-output>
          </reporter-output>
        </test-method> <!-- IOSApp -->
        <test-method status="PASS" signature="NativeApp()[pri:0, instance:QAClickAcademy.AppiumTest@6537cf78]" name="NativeApp" duration-ms="1" started-at="2020-01-02T05:38:33Z" finished-at="2020-01-02T05:38:33Z">
          <reporter-output>
          </reporter-output>
        </test-method> <!-- NativeApp -->
      </class> <!-- QAClickAcademy.AppiumTest -->
    </test> <!-- Surefire test -->
  </suite> <!-- Surefire suite -->
</testng-results>
